TN:
SF:02-ratelimitter.js
FN:20,rateLimitter
FNF:1
FNH:1
FNDA:13,rateLimitter
DA:1,1
DA:2,1
DA:3,1
DA:4,1
DA:5,1
DA:6,1
DA:7,1
DA:8,1
DA:9,1
DA:10,1
DA:11,1
DA:12,1
DA:13,1
DA:14,1
DA:15,1
DA:16,1
DA:17,2
DA:18,1
DA:19,1
DA:20,13
DA:21,13
DA:22,13
DA:23,13
DA:24,2
DA:25,13
DA:26,11
DA:27,6
DA:28,6
DA:29,6
DA:30,6
DA:31,5
DA:32,5
DA:33,7
DA:34,7
DA:35,7
DA:36,1
DA:37,1
DA:38,1
DA:39,1
DA:40,7
DA:41,1
DA:42,1
DA:43,1
DA:44,0
DA:45,1
DA:46,1
DA:47,1
LF:47
LH:46
BRDA:16,0,0,2
BRDA:20,1,0,13
BRDA:23,2,0,2
BRDA:25,3,0,11
BRDA:26,4,0,6
BRDA:30,5,0,5
BRDA:32,6,0,7
BRDA:39,7,0,7
BRF:8
BRH:8
end_of_record
